Using pre-set license
Built from '2020.2/release' branch; Version is '2020.2.2f1 (068178b99f32) revision 426360'; Using compiler version '192528614'; Build Type 'Release'
OS: 'Windows 10 Home; OS build 19041.985; Version 2004; 64bit' Language: 'ko' Physical Memory: 8106 MB
BatchMode: 1, IsHumanControllingUs: 0, StartBugReporterOnCrash: 0, Is64bit: 1, IsPro: 0

 COMMAND LINE ARGUMENTS:
C:\Program Files\Unity\Hub\Editor\2020.2.2f1\Editor\Unity.exe
-adb2
-batchMode
-noUpm
-name
AssetImportWorker3
-projectPath
C:/Users/rkwhr/Desktop/2DGame_Project/2DGame
-logFile
Logs/AssetImportWorker3.log
-srvPort
4776
Successfully changed project path to: C:/Users/rkwhr/Desktop/2DGame_Project/2DGame
C:/Users/rkwhr/Desktop/2DGame_Project/2DGame
Using Asset Import Pipeline V2.
Refreshing native plugins compatible for Editor in 265.52 ms, found 2 plugins.
Preloading 0 native plugins for Editor in 0.00 ms.
Initialize engine version: 2020.2.2f1 (068178b99f32)
[Subsystems] Discovering subsystems at path C:/Program Files/Unity/Hub/Editor/2020.2.2f1/Editor/Data/Resources/UnitySubsystems
[Subsystems] Discovering subsystems at path C:/Users/rkwhr/Desktop/2DGame_Project/2DGame/Assets
GfxDevice: creating device client; threaded=0
Direct3D:
    Version:  Direct3D 11.0 [level 11.1]
    Renderer: NVIDIA GeForce GTX 1050 Ti (ID=0x1c8c)
    Vendor:   
    VRAM:     4018 MB
    Driver:   26.21.14.4587
Initialize mono
Mono path[0] = 'C:/Program Files/Unity/Hub/Editor/2020.2.2f1/Editor/Data/Managed'
Mono path[1] = 'C:/Program Files/Unity/Hub/Editor/2020.2.2f1/Editor/Data/MonoBleedingEdge/lib/mono/unityjit'
Mono config path = 'C:/Program Files/Unity/Hub/Editor/2020.2.2f1/Editor/Data/MonoBleedingEdge/etc'
Using monoOptions --debugger-agent=transport=dt_socket,embedding=1,server=y,suspend=n,address=127.0.0.1:56412
Begin MonoManager ReloadAssembly
Registering precompiled unity dll's ...
Register platform support module: C:/Program Files/Unity/Hub/Editor/2020.2.2f1/Editor/Data/PlaybackEngines/WindowsStandaloneSupport/UnityEditor.WindowsStandalone.Extensions.dll
Registered in 0.015700 seconds.
Native extension for WindowsStandalone target not found
Refreshing native plugins compatible for Editor in 133.00 ms, found 2 plugins.
Preloading 0 native plugins for Editor in 0.00 ms.
Invoked RoslynAnalysisRunner static constructor.
RoslynAnalysisRunner will not be running.
RoslynAnalysisRunner has terminated.
Mono: successfully reloaded assembly
- Completed reload, in 13.318 seconds
Platform modules already initialized, skipping
Registering precompiled user dll's ...
Registered in 0.113521 seconds.
Begin MonoManager ReloadAssembly
Native extension for WindowsStandalone target not found
Refreshing native plugins compatible for Editor in 165.94 ms, found 2 plugins.
Preloading 0 native plugins for Editor in 0.00 ms.
Invoked RoslynAnalysisRunner static constructor.
RoslynAnalysisRunner will not be running.
RoslynAnalysisRunner has terminated.
Mono: successfully reloaded assembly
- Completed reload, in  4.688 seconds
Platform modules already initialized, skipping
========================================================================
Worker process is ready to serve import requests
Launched and connected shader compiler UnityShaderCompiler.exe after 0.33 seconds
Refreshing native plugins compatible for Editor in 1.17 ms, found 2 plugins.
Preloading 0 native plugins for Editor in 0.00 ms.
Unloading 1815 Unused Serialized files (Serialized files now loaded: 0)
System memory in use before: 87.9 MB.
System memory in use after: 87.9 MB.

Unloading 40 unused Assets to reduce memory usage. Loaded Objects now: 2275.
Total: 4.008300 ms (FindLiveObjects: 0.313900 ms CreateObjectMapping: 0.150600 ms MarkObjects: 3.286500 ms  DeleteObjects: 0.255000 ms)

========================================================================
Received Import Request.
  path: Assets/Scripts/MoveCamera.cs
  artifactKey: Guid(364c523cc0eb5c34eaa252afbd0b09a5) Importer(815301076,1909f56bfc062723c751e8b465ee728b)
Start importing Assets/Scripts/MoveCamera.cs using Guid(364c523cc0eb5c34eaa252afbd0b09a5) Importer(815301076,1909f56bfc062723c751e8b465ee728b)  -> (artifact id: '2c1b78b27dbd4762d33ec25dda3a9448') in 0.223375 seconds
  Import took 0.242387 seconds .

========================================================================
Received Import Request.
  Time since last request: 0.000532 seconds.
  path: Assets/Scripts/Enemy.cs
  artifactKey: Guid(faf1f866d65eeb540a5c4f0fa09e36da) Importer(815301076,1909f56bfc062723c751e8b465ee728b)
Start importing Assets/Scripts/Enemy.cs using Guid(faf1f866d65eeb540a5c4f0fa09e36da) Importer(815301076,1909f56bfc062723c751e8b465ee728b)  -> (artifact id: 'dbd837e69fe40a41fd4173a581d18ae9') in 0.025018 seconds
  Import took 0.037774 seconds .

========================================================================
Received Prepare
Registering precompiled user dll's ...
Registered in 0.077443 seconds.
Begin MonoManager ReloadAssembly
Native extension for WindowsStandalone target not found
Refreshing native plugins compatible for Editor in 0.84 ms, found 2 plugins.
Preloading 0 native plugins for Editor in 0.00 ms.
Invoked RoslynAnalysisRunner static constructor.
RoslynAnalysisRunner will not be running.
RoslynAnalysisRunner has terminated.
Mono: successfully reloaded assembly
- Completed reload, in  8.742 seconds
Platform modules already initialized, skipping
Refreshing native plugins compatible for Editor in 1.01 ms, found 2 plugins.
Preloading 0 native plugins for Editor in 0.00 ms.
Unloading 1810 Unused Serialized files (Serialized files now loaded: 0)
System memory in use before: 88.0 MB.
System memory in use after: 88.0 MB.

Unloading 28 unused Assets to reduce memory usage. Loaded Objects now: 2278.
Total: 4.614500 ms (FindLiveObjects: 0.285100 ms CreateObjectMapping: 0.124700 ms MarkObjects: 4.007200 ms  DeleteObjects: 0.194700 ms)

========================================================================
Received Prepare
Registering precompiled user dll's ...
Registered in 0.168967 seconds.
Begin MonoManager ReloadAssembly
Native extension for WindowsStandalone target not found
Refreshing native plugins compatible for Editor in 1.29 ms, found 2 plugins.
Preloading 0 native plugins for Editor in 0.00 ms.
Invoked RoslynAnalysisRunner static constructor.
RoslynAnalysisRunner will not be running.
RoslynAnalysisRunner has terminated.
Mono: successfully reloaded assembly
- Completed reload, in  4.075 seconds
Platform modules already initialized, skipping
Refreshing native plugins compatible for Editor in 0.97 ms, found 2 plugins.
Preloading 0 native plugins for Editor in 0.00 ms.
Unloading 1810 Unused Serialized files (Serialized files now loaded: 0)
System memory in use before: 88.1 MB.
System memory in use after: 88.1 MB.

Unloading 28 unused Assets to reduce memory usage. Loaded Objects now: 2281.
Total: 4.887100 ms (FindLiveObjects: 0.314200 ms CreateObjectMapping: 0.360900 ms MarkObjects: 3.930600 ms  DeleteObjects: 0.278100 ms)

========================================================================
Received Prepare
Registering precompiled user dll's ...
Registered in 0.104123 seconds.
Begin MonoManager ReloadAssembly
Native extension for WindowsStandalone target not found
Refreshing native plugins compatible for Editor in 0.91 ms, found 2 plugins.
Preloading 0 native plugins for Editor in 0.00 ms.
Invoked RoslynAnalysisRunner static constructor.
RoslynAnalysisRunner will not be running.
RoslynAnalysisRunner has terminated.
Mono: successfully reloaded assembly
- Completed reload, in  4.426 seconds
Platform modules already initialized, skipping
Refreshing native plugins compatible for Editor in 1.76 ms, found 2 plugins.
Preloading 0 native plugins for Editor in 0.00 ms.
Unloading 1810 Unused Serialized files (Serialized files now loaded: 0)
System memory in use before: 88.2 MB.
System memory in use after: 88.1 MB.

Unloading 28 unused Assets to reduce memory usage. Loaded Objects now: 2284.
Total: 13.025700 ms (FindLiveObjects: 0.711000 ms CreateObjectMapping: 0.244600 ms MarkObjects: 11.465300 ms  DeleteObjects: 0.601700 ms)

========================================================================
Received Import Request.
  Time since last request: 1237.324550 seconds.
  path: Assets/UI/Platform.png
  artifactKey: Guid(b1984100417e4da49aa3a86e9d418449) Importer(815301076,1909f56bfc062723c751e8b465ee728b)
Start importing Assets/UI/Platform.png using Guid(b1984100417e4da49aa3a86e9d418449) Importer(815301076,1909f56bfc062723c751e8b465ee728b)  -> (artifact id: '64d5781cdd21554d237c72c187073b94') in 3.438420 seconds
  Import took 3.465981 seconds .

========================================================================
Received Prepare
Registering precompiled user dll's ...
Registered in 0.089144 seconds.
Begin MonoManager ReloadAssembly
Native extension for WindowsStandalone target not found
Refreshing native plugins compatible for Editor in 0.59 ms, found 2 plugins.
Preloading 0 native plugins for Editor in 0.00 ms.
Invoked RoslynAnalysisRunner static constructor.
RoslynAnalysisRunner will not be running.
RoslynAnalysisRunner has terminated.
Mono: successfully reloaded assembly
- Completed reload, in  7.411 seconds
Platform modules already initialized, skipping
Refreshing native plugins compatible for Editor in 0.99 ms, found 2 plugins.
Preloading 0 native plugins for Editor in 0.00 ms.
Unloading 1810 Unused Serialized files (Serialized files now loaded: 0)
System memory in use before: 91.3 MB.
System memory in use after: 91.3 MB.

Unloading 28 unused Assets to reduce memory usage. Loaded Objects now: 2293.
Total: 652.922100 ms (FindLiveObjects: 2.289500 ms CreateObjectMapping: 0.780500 ms MarkObjects: 647.641400 ms  DeleteObjects: 2.208200 ms)

========================================================================
Received Prepare
Registering precompiled user dll's ...
Registered in 0.105924 seconds.
Begin MonoManager ReloadAssembly
Native extension for WindowsStandalone target not found
Refreshing native plugins compatible for Editor in 2.47 ms, found 2 plugins.
Preloading 0 native plugins for Editor in 0.00 ms.
Invoked RoslynAnalysisRunner static constructor.
RoslynAnalysisRunner will not be running.
RoslynAnalysisRunner has terminated.
Mono: successfully reloaded assembly
- Completed reload, in  5.786 seconds
Platform modules already initialized, skipping
Refreshing native plugins compatible for Editor in 1.21 ms, found 2 plugins.
Preloading 0 native plugins for Editor in 0.00 ms.
Unloading 1810 Unused Serialized files (Serialized files now loaded: 0)
System memory in use before: 91.4 MB.
System memory in use after: 91.4 MB.

Unloading 28 unused Assets to reduce memory usage. Loaded Objects now: 2296.
Total: 16.761800 ms (FindLiveObjects: 3.054100 ms CreateObjectMapping: 0.251800 ms MarkObjects: 12.971500 ms  DeleteObjects: 0.481900 ms)

========================================================================
Received Prepare
Registering precompiled user dll's ...
Registered in 0.053690 seconds.
Begin MonoManager ReloadAssembly
Native extension for WindowsStandalone target not found
Refreshing native plugins compatible for Editor in 1.77 ms, found 2 plugins.
Preloading 0 native plugins for Editor in 0.00 ms.
Invoked RoslynAnalysisRunner static constructor.
RoslynAnalysisRunner will not be running.
RoslynAnalysisRunner has terminated.
Mono: successfully reloaded assembly
- Completed reload, in  3.741 seconds
Platform modules already initialized, skipping
Refreshing native plugins compatible for Editor in 0.57 ms, found 2 plugins.
Preloading 0 native plugins for Editor in 0.00 ms.
Unloading 1810 Unused Serialized files (Serialized files now loaded: 0)
System memory in use before: 91.5 MB.
System memory in use after: 91.5 MB.

Unloading 28 unused Assets to reduce memory usage. Loaded Objects now: 2299.
Total: 3.352200 ms (FindLiveObjects: 0.306500 ms CreateObjectMapping: 0.118300 ms MarkObjects: 2.677900 ms  DeleteObjects: 0.247400 ms)

========================================================================
Received Import Request.
  Time since last request: 5833.001239 seconds.
  path: Assets/Scripts/Pad.cs
  artifactKey: Guid(3f8e1e0b2f2f34643a0336442e0f1f8f) Importer(815301076,1909f56bfc062723c751e8b465ee728b)
Start importing Assets/Scripts/Pad.cs using Guid(3f8e1e0b2f2f34643a0336442e0f1f8f) Importer(815301076,1909f56bfc062723c751e8b465ee728b)  -> (artifact id: 'bb1d49e443df056f79a922b06b03b03c') in 0.023730 seconds
  Import took 0.031234 seconds .

========================================================================
Received Prepare
Registering precompiled user dll's ...
Registered in 0.062428 seconds.
Begin MonoManager ReloadAssembly
Native extension for WindowsStandalone target not found
Refreshing native plugins compatible for Editor in 0.67 ms, found 2 plugins.
Preloading 0 native plugins for Editor in 0.00 ms.
Invoked RoslynAnalysisRunner static constructor.
RoslynAnalysisRunner will not be running.
RoslynAnalysisRunner has terminated.
Mono: successfully reloaded assembly
- Completed reload, in  4.256 seconds
Platform modules already initialized, skipping
Refreshing native plugins compatible for Editor in 0.55 ms, found 2 plugins.
Preloading 0 native plugins for Editor in 0.00 ms.
Unloading 1810 Unused Serialized files (Serialized files now loaded: 0)
System memory in use before: 91.5 MB.
System memory in use after: 91.5 MB.

Unloading 28 unused Assets to reduce memory usage. Loaded Objects now: 2302.
Total: 3.010300 ms (FindLiveObjects: 0.229100 ms CreateObjectMapping: 0.091400 ms MarkObjects: 2.012600 ms  DeleteObjects: 0.675400 ms)

========================================================================
Received Import Request.
  Time since last request: 144.796947 seconds.
  path: Assets/Scripts/Pad.cs
  artifactKey: Guid(3f8e1e0b2f2f34643a0336442e0f1f8f) Importer(815301076,1909f56bfc062723c751e8b465ee728b)
Start importing Assets/Scripts/Pad.cs using Guid(3f8e1e0b2f2f34643a0336442e0f1f8f) Importer(815301076,1909f56bfc062723c751e8b465ee728b)  -> (artifact id: 'b733d3e1529aa0b39cf1ce27a66553d2') in 0.013773 seconds
  Import took 0.020066 seconds .

========================================================================
Received Prepare
Registering precompiled user dll's ...
Registered in 0.129662 seconds.
Begin MonoManager ReloadAssembly
Native extension for WindowsStandalone target not found
Refreshing native plugins compatible for Editor in 0.57 ms, found 2 plugins.
Preloading 0 native plugins for Editor in 0.00 ms.
Invoked RoslynAnalysisRunner static constructor.
RoslynAnalysisRunner will not be running.
RoslynAnalysisRunner has terminated.
Mono: successfully reloaded assembly
- Completed reload, in  4.002 seconds
Platform modules already initialized, skipping
Refreshing native plugins compatible for Editor in 0.82 ms, found 2 plugins.
Preloading 0 native plugins for Editor in 0.00 ms.
Unloading 1810 Unused Serialized files (Serialized files now loaded: 0)
System memory in use before: 91.6 MB.
System memory in use after: 91.6 MB.

Unloading 28 unused Assets to reduce memory usage. Loaded Objects now: 2305.
Total: 4.179500 ms (FindLiveObjects: 0.289100 ms CreateObjectMapping: 0.111400 ms MarkObjects: 3.647300 ms  DeleteObjects: 0.129800 ms)

========================================================================
Received Prepare
Registering precompiled user dll's ...
Registered in 0.079966 seconds.
Begin MonoManager ReloadAssembly
Native extension for WindowsStandalone target not found
Refreshing native plugins compatible for Editor in 0.85 ms, found 2 plugins.
Preloading 0 native plugins for Editor in 0.00 ms.
Invoked RoslynAnalysisRunner static constructor.
RoslynAnalysisRunner will not be running.
RoslynAnalysisRunner has terminated.
Mono: successfully reloaded assembly
- Completed reload, in  3.341 seconds
Platform modules already initialized, skipping
Refreshing native plugins compatible for Editor in 0.55 ms, found 2 plugins.
Preloading 0 native plugins for Editor in 0.00 ms.
Unloading 1810 Unused Serialized files (Serialized files now loaded: 0)
System memory in use before: 91.7 MB.
System memory in use after: 91.7 MB.

Unloading 28 unused Assets to reduce memory usage. Loaded Objects now: 2308.
Total: 2.909300 ms (FindLiveObjects: 0.207100 ms CreateObjectMapping: 0.093500 ms MarkObjects: 2.473400 ms  DeleteObjects: 0.133900 ms)

========================================================================
Received Import Request.
  Time since last request: 133.098816 seconds.
  path: Assets/Scenes/SampleScene.unity
  artifactKey: Guid(2cda990e2423bbf4892e6590ba056729) Importer(815301076,1909f56bfc062723c751e8b465ee728b)
Start importing Assets/Scenes/SampleScene.unity using Guid(2cda990e2423bbf4892e6590ba056729) Importer(815301076,1909f56bfc062723c751e8b465ee728b)  -> (artifact id: '1fb5fe80e9d46a34cdf4631978bd036c') in 0.033088 seconds
  Import took 0.038134 seconds .

========================================================================
Received Import Request.
  Time since last request: 74.553937 seconds.
  path: Assets/Scenes/Level1.unity
  artifactKey: Guid(b4eb6938bf0127a4590be400f05fbe58) Importer(815301076,1909f56bfc062723c751e8b465ee728b)
Start importing Assets/Scenes/Level1.unity using Guid(b4eb6938bf0127a4590be400f05fbe58) Importer(815301076,1909f56bfc062723c751e8b465ee728b)  -> (artifact id: 'b1c93ea567746ed1750bfc5938142903') in 0.027766 seconds
  Import took 0.036874 seconds .

========================================================================
Received Prepare
Registering precompiled user dll's ...
Registered in 0.085071 seconds.
Begin MonoManager ReloadAssembly
Native extension for WindowsStandalone target not found
Refreshing native plugins compatible for Editor in 2.55 ms, found 2 plugins.
Preloading 0 native plugins for Editor in 0.00 ms.
Invoked RoslynAnalysisRunner static constructor.
RoslynAnalysisRunner will not be running.
RoslynAnalysisRunner has terminated.
Mono: successfully reloaded assembly
- Completed reload, in  8.422 seconds
Platform modules already initialized, skipping
Refreshing native plugins compatible for Editor in 3.26 ms, found 2 plugins.
Preloading 0 native plugins for Editor in 0.00 ms.
Unloading 1810 Unused Serialized files (Serialized files now loaded: 0)
System memory in use before: 91.8 MB.
System memory in use after: 91.7 MB.

Unloading 28 unused Assets to reduce memory usage. Loaded Objects now: 2311.
Total: 12.513700 ms (FindLiveObjects: 1.072200 ms CreateObjectMapping: 5.896200 ms MarkObjects: 5.271800 ms  DeleteObjects: 0.268900 ms)

========================================================================
Received Prepare
Registering precompiled user dll's ...
Registered in 0.076732 seconds.
Begin MonoManager ReloadAssembly
Native extension for WindowsStandalone target not found
Refreshing native plugins compatible for Editor in 4.42 ms, found 2 plugins.
Preloading 0 native plugins for Editor in 0.00 ms.
Invoked RoslynAnalysisRunner static constructor.
RoslynAnalysisRunner will not be running.
RoslynAnalysisRunner has terminated.
Mono: successfully reloaded assembly
- Completed reload, in 10.849 seconds
Platform modules already initialized, skipping
Refreshing native plugins compatible for Editor in 8.14 ms, found 2 plugins.
Preloading 0 native plugins for Editor in 0.00 ms.
Unloading 1810 Unused Serialized files (Serialized files now loaded: 0)
System memory in use before: 91.9 MB.
System memory in use after: 91.9 MB.

Unloading 28 unused Assets to reduce memory usage. Loaded Objects now: 2314.
Total: 26.707300 ms (FindLiveObjects: 1.293800 ms CreateObjectMapping: 1.849300 ms MarkObjects: 22.265700 ms  DeleteObjects: 1.293700 ms)

========================================================================
Received Import Request.
  Time since last request: 1705.080063 seconds.
  path: Assets/UI/UI.png
  artifactKey: Guid(537551844d6d7674880e5fc58d2a6714) Importer(815301076,1909f56bfc062723c751e8b465ee728b)
Start importing Assets/UI/UI.png using Guid(537551844d6d7674880e5fc58d2a6714) Importer(815301076,1909f56bfc062723c751e8b465ee728b)  -> (artifact id: '452fd3c5a28ae083bbeccc0de1cdd7e9') in 0.200040 seconds
  Import took 0.206329 seconds .

========================================================================
Received Prepare
Registering precompiled user dll's ...
Registered in 0.044648 seconds.
Begin MonoManager ReloadAssembly
Native extension for WindowsStandalone target not found
Refreshing native plugins compatible for Editor in 0.64 ms, found 2 plugins.
Preloading 0 native plugins for Editor in 0.00 ms.
Invoked RoslynAnalysisRunner static constructor.
RoslynAnalysisRunner will not be running.
RoslynAnalysisRunner has terminated.
Mono: successfully reloaded assembly
- Completed reload, in  1.908 seconds
Platform modules already initialized, skipping
Refreshing native plugins compatible for Editor in 0.55 ms, found 2 plugins.
Preloading 0 native plugins for Editor in 0.00 ms.
Unloading 1810 Unused Serialized files (Serialized files now loaded: 0)
System memory in use before: 91.9 MB.
System memory in use after: 91.9 MB.

Unloading 28 unused Assets to reduce memory usage. Loaded Objects now: 2318.
Total: 4.485200 ms (FindLiveObjects: 0.387900 ms CreateObjectMapping: 0.148200 ms MarkObjects: 3.800800 ms  DeleteObjects: 0.146600 ms)

========================================================================
Received Prepare
Registering precompiled user dll's ...
Registered in 0.042684 seconds.
Begin MonoManager ReloadAssembly
Native extension for WindowsStandalone target not found
Refreshing native plugins compatible for Editor in 1.09 ms, found 2 plugins.
Preloading 0 native plugins for Editor in 0.00 ms.
Invoked RoslynAnalysisRunner static constructor.
RoslynAnalysisRunner will not be running.
RoslynAnalysisRunner has terminated.
Mono: successfully reloaded assembly
- Completed reload, in  1.591 seconds
Platform modules already initialized, skipping
Refreshing native plugins compatible for Editor in 0.52 ms, found 2 plugins.
Preloading 0 native plugins for Editor in 0.00 ms.
Unloading 1810 Unused Serialized files (Serialized files now loaded: 0)
System memory in use before: 92.0 MB.
System memory in use after: 92.0 MB.

Unloading 28 unused Assets to reduce memory usage. Loaded Objects now: 2321.
Total: 3.300500 ms (FindLiveObjects: 0.334700 ms CreateObjectMapping: 0.105400 ms MarkObjects: 2.715300 ms  DeleteObjects: 0.143200 ms)

========================================================================
Received Prepare
Registering precompiled user dll's ...
Registered in 0.041332 seconds.
Begin MonoManager ReloadAssembly
Native extension for WindowsStandalone target not found
Refreshing native plugins compatible for Editor in 0.52 ms, found 2 plugins.
Preloading 0 native plugins for Editor in 0.00 ms.
Invoked RoslynAnalysisRunner static constructor.
RoslynAnalysisRunner will not be running.
RoslynAnalysisRunner has terminated.
Mono: successfully reloaded assembly
- Completed reload, in  1.616 seconds
Platform modules already initialized, skipping
Refreshing native plugins compatible for Editor in 0.56 ms, found 2 plugins.
Preloading 0 native plugins for Editor in 0.00 ms.
Unloading 1810 Unused Serialized files (Serialized files now loaded: 0)
System memory in use before: 92.1 MB.
System memory in use after: 92.1 MB.

Unloading 28 unused Assets to reduce memory usage. Loaded Objects now: 2324.
Total: 4.140800 ms (FindLiveObjects: 0.383500 ms CreateObjectMapping: 0.176000 ms MarkObjects: 3.445000 ms  DeleteObjects: 0.134200 ms)

========================================================================
Received Import Request.
  Time since last request: 1432.839113 seconds.
  path: Assets/Scripts/UIManager.cs
  artifactKey: Guid(e95a8b2f4bb112b499a470543e1510cb) Importer(815301076,1909f56bfc062723c751e8b465ee728b)
Start importing Assets/Scripts/UIManager.cs using Guid(e95a8b2f4bb112b499a470543e1510cb) Importer(815301076,1909f56bfc062723c751e8b465ee728b)  -> (artifact id: '38da3a85e3d237b13aca1c2a6f4cc52e') in 0.067179 seconds
  Import took 0.085137 seconds .

========================================================================
Received Prepare
Registering precompiled user dll's ...
Registered in 0.040728 seconds.
Begin MonoManager ReloadAssembly
Native extension for WindowsStandalone target not found
Refreshing native plugins compatible for Editor in 0.56 ms, found 2 plugins.
Preloading 0 native plugins for Editor in 0.00 ms.
Invoked RoslynAnalysisRunner static constructor.
RoslynAnalysisRunner will not be running.
RoslynAnalysisRunner has terminated.
Mono: successfully reloaded assembly
- Completed reload, in  3.238 seconds
Platform modules already initialized, skipping
Refreshing native plugins compatible for Editor in 1.13 ms, found 2 plugins.
Preloading 0 native plugins for Editor in 0.00 ms.
Unloading 1811 Unused Serialized files (Serialized files now loaded: 0)
System memory in use before: 92.2 MB.
System memory in use after: 92.2 MB.

Unloading 28 unused Assets to reduce memory usage. Loaded Objects now: 2328.
Total: 3.238900 ms (FindLiveObjects: 0.330200 ms CreateObjectMapping: 0.225800 ms MarkObjects: 2.548800 ms  DeleteObjects: 0.131900 ms)

========================================================================
Received Import Request.
  Time since last request: 176.295280 seconds.
  path: Assets/Scripts/UIManager.cs
  artifactKey: Guid(e95a8b2f4bb112b499a470543e1510cb) Importer(815301076,1909f56bfc062723c751e8b465ee728b)
Start importing Assets/Scripts/UIManager.cs using Guid(e95a8b2f4bb112b499a470543e1510cb) Importer(815301076,1909f56bfc062723c751e8b465ee728b)  -> (artifact id: 'a28801ca7bbb71bd4af45483e463f45c') in 0.024675 seconds
  Import took 0.030017 seconds .

========================================================================
Received Import Request.
  Time since last request: 0.011585 seconds.
  path: Assets/Scripts/UIManager.cs
  artifactKey: Guid(e95a8b2f4bb112b499a470543e1510cb) Importer(815301076,1909f56bfc062723c751e8b465ee728b)
Start importing Assets/Scripts/UIManager.cs using Guid(e95a8b2f4bb112b499a470543e1510cb) Importer(815301076,1909f56bfc062723c751e8b465ee728b)  -> (artifact id: 'a28801ca7bbb71bd4af45483e463f45c') in 0.012435 seconds
  Import took 0.018380 seconds .

========================================================================
Received Prepare
Registering precompiled user dll's ...
Registered in 0.131858 seconds.
Begin MonoManager ReloadAssembly
Native extension for WindowsStandalone target not found
Refreshing native plugins compatible for Editor in 0.54 ms, found 2 plugins.
Preloading 0 native plugins for Editor in 0.00 ms.
Invoked RoslynAnalysisRunner static constructor.
RoslynAnalysisRunner will not be running.
RoslynAnalysisRunner has terminated.
Mono: successfully reloaded assembly
- Completed reload, in  1.747 seconds
Platform modules already initialized, skipping
Refreshing native plugins compatible for Editor in 0.59 ms, found 2 plugins.
Preloading 0 native plugins for Editor in 0.00 ms.
Unloading 1811 Unused Serialized files (Serialized files now loaded: 0)
System memory in use before: 92.2 MB.
System memory in use after: 92.2 MB.

Unloading 28 unused Assets to reduce memory usage. Loaded Objects now: 2331.
Total: 2.425700 ms (FindLiveObjects: 0.231300 ms CreateObjectMapping: 0.091400 ms MarkObjects: 1.967700 ms  DeleteObjects: 0.133300 ms)

========================================================================
Received Prepare
Registering precompiled user dll's ...
Registered in 0.050168 seconds.
Begin MonoManager ReloadAssembly
Native extension for WindowsStandalone target not found
Refreshing native plugins compatible for Editor in 0.62 ms, found 2 plugins.
Preloading 0 native plugins for Editor in 0.00 ms.
Invoked RoslynAnalysisRunner static constructor.
RoslynAnalysisRunner will not be running.
RoslynAnalysisRunner has terminated.
Mono: successfully reloaded assembly
- Completed reload, in  1.806 seconds
Platform modules already initialized, skipping
Refreshing native plugins compatible for Editor in 0.58 ms, found 2 plugins.
Preloading 0 native plugins for Editor in 0.00 ms.
Unloading 1811 Unused Serialized files (Serialized files now loaded: 0)
System memory in use before: 92.3 MB.
System memory in use after: 92.3 MB.

Unloading 28 unused Assets to reduce memory usage. Loaded Objects now: 2334.
Total: 2.437900 ms (FindLiveObjects: 0.228100 ms CreateObjectMapping: 0.086900 ms MarkObjects: 2.001000 ms  DeleteObjects: 0.120400 ms)

========================================================================
Received Prepare
Registering precompiled user dll's ...
Registered in 0.053858 seconds.
Begin MonoManager ReloadAssembly
Native extension for WindowsStandalone target not found
Refreshing native plugins compatible for Editor in 0.80 ms, found 2 plugins.
Preloading 0 native plugins for Editor in 0.00 ms.
Invoked RoslynAnalysisRunner static constructor.
RoslynAnalysisRunner will not be running.
RoslynAnalysisRunner has terminated.
Mono: successfully reloaded assembly
- Completed reload, in  1.738 seconds
Platform modules already initialized, skipping
Refreshing native plugins compatible for Editor in 0.99 ms, found 2 plugins.
Preloading 0 native plugins for Editor in 0.00 ms.
Unloading 1811 Unused Serialized files (Serialized files now loaded: 0)
System memory in use before: 92.4 MB.
System memory in use after: 92.4 MB.

Unloading 28 unused Assets to reduce memory usage. Loaded Objects now: 2337.
Total: 7.322700 ms (FindLiveObjects: 0.279100 ms CreateObjectMapping: 0.107000 ms MarkObjects: 6.756500 ms  DeleteObjects: 0.177000 ms)

========================================================================
Received Prepare
Registering precompiled user dll's ...
Registered in 0.052380 seconds.
Begin MonoManager ReloadAssembly
Native extension for WindowsStandalone target not found
Refreshing native plugins compatible for Editor in 0.56 ms, found 2 plugins.
Preloading 0 native plugins for Editor in 0.00 ms.
Invoked RoslynAnalysisRunner static constructor.
RoslynAnalysisRunner will not be running.
RoslynAnalysisRunner has terminated.
Mono: successfully reloaded assembly
- Completed reload, in  1.583 seconds
Platform modules already initialized, skipping
Refreshing native plugins compatible for Editor in 0.53 ms, found 2 plugins.
Preloading 0 native plugins for Editor in 0.00 ms.
Unloading 1811 Unused Serialized files (Serialized files now loaded: 0)
System memory in use before: 92.5 MB.
System memory in use after: 92.5 MB.

Unloading 28 unused Assets to reduce memory usage. Loaded Objects now: 2340.
Total: 2.308300 ms (FindLiveObjects: 0.226600 ms CreateObjectMapping: 0.089100 ms MarkObjects: 1.860500 ms  DeleteObjects: 0.130400 ms)

========================================================================
Received Prepare
Registering precompiled user dll's ...
Registered in 0.048347 seconds.
Begin MonoManager ReloadAssembly
Native extension for WindowsStandalone target not found
Refreshing native plugins compatible for Editor in 0.58 ms, found 2 plugins.
Preloading 0 native plugins for Editor in 0.00 ms.
Invoked RoslynAnalysisRunner static constructor.
RoslynAnalysisRunner will not be running.
RoslynAnalysisRunner has terminated.
Mono: successfully reloaded assembly
- Completed reload, in  2.918 seconds
Platform modules already initialized, skipping
Refreshing native plugins compatible for Editor in 0.82 ms, found 2 plugins.
Preloading 0 native plugins for Editor in 0.00 ms.
Unloading 1811 Unused Serialized files (Serialized files now loaded: 0)
System memory in use before: 92.5 MB.
System memory in use after: 92.5 MB.

Unloading 28 unused Assets to reduce memory usage. Loaded Objects now: 2343.
Total: 4.843000 ms (FindLiveObjects: 0.354400 ms CreateObjectMapping: 1.358600 ms MarkObjects: 2.919800 ms  DeleteObjects: 0.208200 ms)

========================================================================
Received Prepare
Registering precompiled user dll's ...
Registered in 0.041876 seconds.
Begin MonoManager ReloadAssembly
Native extension for WindowsStandalone target not found
Refreshing native plugins compatible for Editor in 2.92 ms, found 2 plugins.
Preloading 0 native plugins for Editor in 0.00 ms.
Invoked RoslynAnalysisRunner static constructor.
RoslynAnalysisRunner will not be running.
RoslynAnalysisRunner has terminated.
Mono: successfully reloaded assembly
- Completed reload, in  1.880 seconds
Platform modules already initialized, skipping
Refreshing native plugins compatible for Editor in 0.51 ms, found 2 plugins.
Preloading 0 native plugins for Editor in 0.00 ms.
Unloading 1811 Unused Serialized files (Serialized files now loaded: 0)
System memory in use before: 92.6 MB.
System memory in use after: 92.6 MB.

Unloading 28 unused Assets to reduce memory usage. Loaded Objects now: 2346.
Total: 2.574000 ms (FindLiveObjects: 0.220500 ms CreateObjectMapping: 0.098100 ms MarkObjects: 2.125200 ms  DeleteObjects: 0.129000 ms)

========================================================================
Received Import Request.
  Time since last request: 1050.981604 seconds.
  path: ProjectSettings/TagManager.asset
  artifactKey: Guid(00000000000000003000000000000000) Importer(815301076,1909f56bfc062723c751e8b465ee728b)
Start importing ProjectSettings/TagManager.asset using Guid(00000000000000003000000000000000) Importer(815301076,1909f56bfc062723c751e8b465ee728b)  -> (artifact id: '7a4e49720d4364175181839f39d7d3a4') in 0.045540 seconds
  Import took 0.051359 seconds .

========================================================================
Received Prepare
Registering precompiled user dll's ...
Registered in 0.045061 seconds.
Begin MonoManager ReloadAssembly
Native extension for WindowsStandalone target not found
Refreshing native plugins compatible for Editor in 0.59 ms, found 2 plugins.
Preloading 0 native plugins for Editor in 0.00 ms.
Invoked RoslynAnalysisRunner static constructor.
RoslynAnalysisRunner will not be running.
RoslynAnalysisRunner has terminated.
Mono: successfully reloaded assembly
- Completed reload, in  2.398 seconds
Platform modules already initialized, skipping
Refreshing native plugins compatible for Editor in 0.54 ms, found 2 plugins.
Preloading 0 native plugins for Editor in 0.00 ms.
Unloading 1811 Unused Serialized files (Serialized files now loaded: 0)
System memory in use before: 92.7 MB.
System memory in use after: 92.7 MB.

Unloading 29 unused Assets to reduce memory usage. Loaded Objects now: 2349.
Total: 2.801000 ms (FindLiveObjects: 0.234600 ms CreateObjectMapping: 0.089300 ms MarkObjects: 2.339200 ms  DeleteObjects: 0.135900 ms)

========================================================================
Received Prepare
Registering precompiled user dll's ...
Registered in 0.059464 seconds.
Begin MonoManager ReloadAssembly
Native extension for WindowsStandalone target not found
Refreshing native plugins compatible for Editor in 0.55 ms, found 2 plugins.
Preloading 0 native plugins for Editor in 0.00 ms.
Invoked RoslynAnalysisRunner static constructor.
RoslynAnalysisRunner will not be running.
RoslynAnalysisRunner has terminated.
Mono: successfully reloaded assembly
- Completed reload, in  1.875 seconds
Platform modules already initialized, skipping
Refreshing native plugins compatible for Editor in 0.53 ms, found 2 plugins.
Preloading 0 native plugins for Editor in 0.00 ms.
Unloading 1811 Unused Serialized files (Serialized files now loaded: 0)
System memory in use before: 92.7 MB.
System memory in use after: 92.7 MB.

Unloading 28 unused Assets to reduce memory usage. Loaded Objects now: 2352.
Total: 4.347100 ms (FindLiveObjects: 0.218200 ms CreateObjectMapping: 0.080600 ms MarkObjects: 3.114300 ms  DeleteObjects: 0.932100 ms)

========================================================================
Received Import Request.
  Time since last request: 480.929591 seconds.
  path: Assets/Scripts/Enemy.cs
  artifactKey: Guid(faf1f866d65eeb540a5c4f0fa09e36da) Importer(815301076,1909f56bfc062723c751e8b465ee728b)
Start importing Assets/Scripts/Enemy.cs using Guid(faf1f866d65eeb540a5c4f0fa09e36da) Importer(815301076,1909f56bfc062723c751e8b465ee728b)  -> (artifact id: '230aa4a7102f92010c422173c99b748f') in 0.020599 seconds
  Import took 0.024569 seconds .

========================================================================
Received Import Request.
  Time since last request: 15.026183 seconds.
  path: Assets/Scenes/Level2.unity
  artifactKey: Guid(f92436ee8492b5a41abad49045589a60) Importer(815301076,1909f56bfc062723c751e8b465ee728b)
Start importing Assets/Scenes/Level2.unity using Guid(f92436ee8492b5a41abad49045589a60) Importer(815301076,1909f56bfc062723c751e8b465ee728b)  -> (artifact id: 'ee0102e68050bf6abb7f03af5b3448b6') in 0.021666 seconds
  Import took 0.027400 seconds .

========================================================================
Received Import Request.
  Time since last request: 8.173140 seconds.
  path: Assets/Scenes/Level1.unity
  artifactKey: Guid(b4eb6938bf0127a4590be400f05fbe58) Importer(815301076,1909f56bfc062723c751e8b465ee728b)
Start importing Assets/Scenes/Level1.unity using Guid(b4eb6938bf0127a4590be400f05fbe58) Importer(815301076,1909f56bfc062723c751e8b465ee728b)  -> (artifact id: 'e2e001885dd1f503ae5070d5ac215eda') in 0.014356 seconds
  Import took 0.020102 seconds .

========================================================================
Received Prepare
Registering precompiled user dll's ...
Registered in 0.037935 seconds.
Begin MonoManager ReloadAssembly
Native extension for WindowsStandalone target not found
Refreshing native plugins compatible for Editor in 0.56 ms, found 2 plugins.
Preloading 0 native plugins for Editor in 0.00 ms.
Invoked RoslynAnalysisRunner static constructor.
RoslynAnalysisRunner will not be running.
RoslynAnalysisRunner has terminated.
Mono: successfully reloaded assembly
- Completed reload, in  1.586 seconds
Platform modules already initialized, skipping
Refreshing native plugins compatible for Editor in 0.56 ms, found 2 plugins.
Preloading 0 native plugins for Editor in 0.00 ms.
Unloading 1811 Unused Serialized files (Serialized files now loaded: 0)
System memory in use before: 92.8 MB.
System memory in use after: 92.8 MB.

Unloading 28 unused Assets to reduce memory usage. Loaded Objects now: 2355.
Total: 3.756200 ms (FindLiveObjects: 0.450600 ms CreateObjectMapping: 0.174900 ms MarkObjects: 2.818900 ms  DeleteObjects: 0.308100 ms)

========================================================================
Received Prepare
Registering precompiled user dll's ...
Registered in 0.038388 seconds.
Begin MonoManager ReloadAssembly
Native extension for WindowsStandalone target not found
Refreshing native plugins compatible for Editor in 0.64 ms, found 2 plugins.
Preloading 0 native plugins for Editor in 0.00 ms.
Invoked RoslynAnalysisRunner static constructor.
RoslynAnalysisRunner will not be running.
RoslynAnalysisRunner has terminated.
Mono: successfully reloaded assembly
- Completed reload, in  2.278 seconds
Platform modules already initialized, skipping
Refreshing native plugins compatible for Editor in 0.96 ms, found 2 plugins.
Preloading 0 native plugins for Editor in 0.00 ms.
Unloading 1811 Unused Serialized files (Serialized files now loaded: 0)
System memory in use before: 92.9 MB.
System memory in use after: 92.9 MB.

Unloading 28 unused Assets to reduce memory usage. Loaded Objects now: 2358.
Total: 2.868900 ms (FindLiveObjects: 0.235500 ms CreateObjectMapping: 0.093700 ms MarkObjects: 2.389800 ms  DeleteObjects: 0.147600 ms)

AssetImportWorkerClient::OnTransportError - code=2 error=End of file
