Using pre-set license
Built from '2020.2/release' branch; Version is '2020.2.2f1 (068178b99f32) revision 426360'; Using compiler version '192528614'; Build Type 'Release'
OS: 'Windows 10 Home; OS build 19041.985; Version 2004; 64bit' Language: 'ko' Physical Memory: 8106 MB
BatchMode: 1, IsHumanControllingUs: 0, StartBugReporterOnCrash: 0, Is64bit: 1, IsPro: 0

 COMMAND LINE ARGUMENTS:
C:\Program Files\Unity\Hub\Editor\2020.2.2f1\Editor\Unity.exe
-adb2
-batchMode
-noUpm
-name
AssetImportWorker1
-projectPath
C:/Users/rkwhr/Desktop/2DGame_Project/2DGame
-logFile
Logs/AssetImportWorker1.log
-srvPort
4776
Successfully changed project path to: C:/Users/rkwhr/Desktop/2DGame_Project/2DGame
C:/Users/rkwhr/Desktop/2DGame_Project/2DGame
Using Asset Import Pipeline V2.
Refreshing native plugins compatible for Editor in 164.49 ms, found 2 plugins.
Preloading 0 native plugins for Editor in 0.00 ms.
Initialize engine version: 2020.2.2f1 (068178b99f32)
[Subsystems] Discovering subsystems at path C:/Program Files/Unity/Hub/Editor/2020.2.2f1/Editor/Data/Resources/UnitySubsystems
[Subsystems] Discovering subsystems at path C:/Users/rkwhr/Desktop/2DGame_Project/2DGame/Assets
GfxDevice: creating device client; threaded=0
